[0.045s] DEBUG:colcon:Command line arguments: ['/usr/bin/colcon', 'build']
[0.046s] DEBUG:colcon:Parsed command line arguments: Namespace(log_base=None, log_level=None, verb_name='build', build_base='build', install_base='install', merge_install=False, symlink_install=False, test_result_base=None, continue_on_error=False, executor='parallel', parallel_workers=24, event_handlers=None, ignore_user_meta=False, metas=['./colcon.meta'], base_paths=['.'], packages_ignore=None, packages_ignore_regex=None, paths=None, packages_up_to=None, packages_up_to_regex=None, packages_above=None, packages_above_and_dependencies=None, packages_above_depth=None, packages_select_by_dep=None, packages_skip_by_dep=None, packages_skip_up_to=None, packages_select_build_failed=False, packages_skip_build_finished=False, packages_select_test_failures=False, packages_skip_test_passed=False, packages_select=None, packages_skip=None, packages_select_regex=None, packages_skip_regex=None, packages_start=None, packages_end=None, allow_overriding=[], cmake_args=None, cmake_target=None, cmake_target_skip_unavailable=False, cmake_clean_cache=False, cmake_clean_first=False, cmake_force_configure=False, ament_cmake_args=None, catkin_cmake_args=None, catkin_skip_building_tests=False, verb_parser=<colcon_defaults.argument_parser.defaults.DefaultArgumentsDecorator object at 0x793cd5b3d540>, verb_extension=<colcon_core.verb.build.BuildVerb object at 0x793cd5b3d180>, main=<bound method BuildVerb.main of <colcon_core.verb.build.BuildVerb object at 0x793cd5b3d180>>)
[0.116s] Level 1:colcon.colcon_core.package_discovery:discover_packages(colcon_meta) check parameters
[0.116s] Level 1:colcon.colcon_core.package_discovery:discover_packages(recursive) check parameters
[0.116s] Level 1:colcon.colcon_core.package_discovery:discover_packages(ignore) check parameters
[0.116s] Level 1:colcon.colcon_core.package_discovery:discover_packages(path) check parameters
[0.116s] Level 1:colcon.colcon_core.package_discovery:discover_packages(colcon_meta) discover
[0.116s] Level 1:colcon.colcon_core.package_discovery:discover_packages(recursive) discover
[0.116s] INFO:colcon.colcon_core.package_discovery:Crawling recursively for packages in '/home/weng/wengkunduo_ws/robot_vision_ws'
[0.116s] Level 1:colcon.colcon_core.package_identification:_identify(.) by extensions ['ignore', 'ignore_ament_install']
[0.116s] Level 1:colcon.colcon_core.package_identification:_identify(.) by extension 'ignore'
[0.116s] Level 1:colcon.colcon_core.package_identification:_identify(.) by extension 'ignore_ament_install'
[0.116s] Level 1:colcon.colcon_core.package_identification:_identify(.) by extensions ['colcon_pkg']
[0.116s] Level 1:colcon.colcon_core.package_identification:_identify(.) by extension 'colcon_pkg'
[0.116s] Level 1:colcon.colcon_core.package_identification:_identify(.) by extensions ['colcon_meta']
[0.116s] Level 1:colcon.colcon_core.package_identification:_identify(.) by extension 'colcon_meta'
[0.116s] Level 1:colcon.colcon_core.package_identification:_identify(.) by extensions ['ros']
[0.116s] Level 1:colcon.colcon_core.package_identification:_identify(.) by extension 'ros'
[0.122s] Level 1:colcon.colcon_core.package_identification:_identify(.) by extensions ['cmake', 'python']
[0.122s] Level 1:colcon.colcon_core.package_identification:_identify(.) by extension 'cmake'
[0.122s] Level 1:colcon.colcon_core.package_identification:_identify(.) by extension 'python'
[0.122s] Level 1:colcon.colcon_core.package_identification:_identify(.) by extensions ['python_setup_py']
[0.122s] Level 1:colcon.colcon_core.package_identification:_identify(.) by extension 'python_setup_py'
[0.122s] Level 1:colcon.colcon_core.package_identification:_identify(build) by extensions ['ignore', 'ignore_ament_install']
[0.122s] Level 1:colcon.colcon_core.package_identification:_identify(build) by extension 'ignore'
[0.122s] Level 1:colcon.colcon_core.package_identification:_identify(build) ignored
[0.122s] Level 1:colcon.colcon_core.package_identification:_identify(install) by extensions ['ignore', 'ignore_ament_install']
[0.122s] Level 1:colcon.colcon_core.package_identification:_identify(install) by extension 'ignore'
[0.122s] Level 1:colcon.colcon_core.package_identification:_identify(install) ignored
[0.122s] Level 1:colcon.colcon_core.package_identification:_identify(log) by extensions ['ignore', 'ignore_ament_install']
[0.122s] Level 1:colcon.colcon_core.package_identification:_identify(log) by extension 'ignore'
[0.122s] Level 1:colcon.colcon_core.package_identification:_identify(log) ignored
[0.122s] Level 1:colcon.colcon_core.package_identification:_identify(src) by extensions ['ignore', 'ignore_ament_install']
[0.122s] Level 1:colcon.colcon_core.package_identification:_identify(src) by extension 'ignore'
[0.122s] Level 1:colcon.colcon_core.package_identification:_identify(src) by extension 'ignore_ament_install'
[0.122s] Level 1:colcon.colcon_core.package_identification:_identify(src) by extensions ['colcon_pkg']
[0.122s] Level 1:colcon.colcon_core.package_identification:_identify(src) by extension 'colcon_pkg'
[0.122s] Level 1:colcon.colcon_core.package_identification:_identify(src) by extensions ['colcon_meta']
[0.122s] Level 1:colcon.colcon_core.package_identification:_identify(src) by extension 'colcon_meta'
[0.122s] Level 1:colcon.colcon_core.package_identification:_identify(src) by extensions ['ros']
[0.122s] Level 1:colcon.colcon_core.package_identification:_identify(src) by extension 'ros'
[0.122s] Level 1:colcon.colcon_core.package_identification:_identify(src) by extensions ['cmake', 'python']
[0.122s] Level 1:colcon.colcon_core.package_identification:_identify(src) by extension 'cmake'
[0.122s] Level 1:colcon.colcon_core.package_identification:_identify(src) by extension 'python'
[0.122s] Level 1:colcon.colcon_core.package_identification:_identify(src) by extensions ['python_setup_py']
[0.122s] Level 1:colcon.colcon_core.package_identification:_identify(src) by extension 'python_setup_py'
[0.122s] Level 1:colcon.colcon_core.package_identification:_identify(src/display_pkg) by extensions ['ignore', 'ignore_ament_install']
[0.122s] Level 1:colcon.colcon_core.package_identification:_identify(src/display_pkg) by extension 'ignore'
[0.122s] Level 1:colcon.colcon_core.package_identification:_identify(src/display_pkg) by extension 'ignore_ament_install'
[0.122s] Level 1:colcon.colcon_core.package_identification:_identify(src/display_pkg) by extensions ['colcon_pkg']
[0.123s] Level 1:colcon.colcon_core.package_identification:_identify(src/display_pkg) by extension 'colcon_pkg'
[0.123s] Level 1:colcon.colcon_core.package_identification:_identify(src/display_pkg) by extensions ['colcon_meta']
[0.123s] Level 1:colcon.colcon_core.package_identification:_identify(src/display_pkg) by extension 'colcon_meta'
[0.123s] Level 1:colcon.colcon_core.package_identification:_identify(src/display_pkg) by extensions ['ros']
[0.123s] Level 1:colcon.colcon_core.package_identification:_identify(src/display_pkg) by extension 'ros'
[0.124s] DEBUG:colcon.colcon_core.package_identification:Package 'src/display_pkg' with type 'ros.ament_python' and name 'display_pkg'
[0.124s] Level 1:colcon.colcon_core.package_identification:_identify(src/usb_camera_pkg) by extensions ['ignore', 'ignore_ament_install']
[0.124s] Level 1:colcon.colcon_core.package_identification:_identify(src/usb_camera_pkg) by extension 'ignore'
[0.124s] Level 1:colcon.colcon_core.package_identification:_identify(src/usb_camera_pkg) by extension 'ignore_ament_install'
[0.124s] Level 1:colcon.colcon_core.package_identification:_identify(src/usb_camera_pkg) by extensions ['colcon_pkg']
[0.124s] Level 1:colcon.colcon_core.package_identification:_identify(src/usb_camera_pkg) by extension 'colcon_pkg'
[0.124s] Level 1:colcon.colcon_core.package_identification:_identify(src/usb_camera_pkg) by extensions ['colcon_meta']
[0.124s] Level 1:colcon.colcon_core.package_identification:_identify(src/usb_camera_pkg) by extension 'colcon_meta'
[0.124s] Level 1:colcon.colcon_core.package_identification:_identify(src/usb_camera_pkg) by extensions ['ros']
[0.124s] Level 1:colcon.colcon_core.package_identification:_identify(src/usb_camera_pkg) by extension 'ros'
[0.124s] DEBUG:colcon.colcon_core.package_identification:Package 'src/usb_camera_pkg' with type 'ros.ament_python' and name 'usb_camera_pkg'
[0.124s] Level 1:colcon.colcon_core.package_identification:_identify(src/yolov8_obg_det_pkg) by extensions ['ignore', 'ignore_ament_install']
[0.124s] Level 1:colcon.colcon_core.package_identification:_identify(src/yolov8_obg_det_pkg) by extension 'ignore'
[0.124s] Level 1:colcon.colcon_core.package_identification:_identify(src/yolov8_obg_det_pkg) by extension 'ignore_ament_install'
[0.124s] Level 1:colcon.colcon_core.package_identification:_identify(src/yolov8_obg_det_pkg) by extensions ['colcon_pkg']
[0.124s] Level 1:colcon.colcon_core.package_identification:_identify(src/yolov8_obg_det_pkg) by extension 'colcon_pkg'
[0.124s] Level 1:colcon.colcon_core.package_identification:_identify(src/yolov8_obg_det_pkg) by extensions ['colcon_meta']
[0.124s] Level 1:colcon.colcon_core.package_identification:_identify(src/yolov8_obg_det_pkg) by extension 'colcon_meta'
[0.124s] Level 1:colcon.colcon_core.package_identification:_identify(src/yolov8_obg_det_pkg) by extensions ['ros']
[0.124s] Level 1:colcon.colcon_core.package_identification:_identify(src/yolov8_obg_det_pkg) by extension 'ros'
[0.125s] DEBUG:colcon.colcon_core.package_identification:Package 'src/yolov8_obg_det_pkg' with type 'ros.ament_python' and name 'yolov8_obg_det_pkg'
[0.125s] Level 1:colcon.colcon_core.package_discovery:discover_packages(recursive) using defaults
[0.125s] Level 1:colcon.colcon_core.package_discovery:discover_packages(ignore) discover
[0.125s] Level 1:colcon.colcon_core.package_discovery:discover_packages(ignore) using defaults
[0.125s] Level 1:colcon.colcon_core.package_discovery:discover_packages(path) discover
[0.125s] Level 1:colcon.colcon_core.package_discovery:discover_packages(path) using defaults
[0.134s] Level 1:colcon.colcon_core.package_discovery:discover_packages(prefix_path) check parameters
[0.134s] Level 1:colcon.colcon_core.package_discovery:discover_packages(prefix_path) discover
[0.135s] DEBUG:colcon.colcon_installed_package_information.package_discovery:Found 3 installed packages in /home/weng/wengkunduo_ws/robot_vision_ws/install
[0.135s] DEBUG:colcon.colcon_installed_package_information.package_discovery:Found 271 installed packages in /opt/ros/humble
[0.140s] Level 1:colcon.colcon_core.package_discovery:discover_packages(prefix_path) using defaults
[0.155s] Level 5:colcon.colcon_core.verb:set package 'display_pkg' build argument 'cmake_args' from command line to 'None'
[0.155s] Level 5:colcon.colcon_core.verb:set package 'display_pkg' build argument 'cmake_target' from command line to 'None'
[0.155s] Level 5:colcon.colcon_core.verb:set package 'display_pkg' build argument 'cmake_target_skip_unavailable' from command line to 'False'
[0.155s] Level 5:colcon.colcon_core.verb:set package 'display_pkg' build argument 'cmake_clean_cache' from command line to 'False'
[0.155s] Level 5:colcon.colcon_core.verb:set package 'display_pkg' build argument 'cmake_clean_first' from command line to 'False'
[0.155s] Level 5:colcon.colcon_core.verb:set package 'display_pkg' build argument 'cmake_force_configure' from command line to 'False'
[0.155s] Level 5:colcon.colcon_core.verb:set package 'display_pkg' build argument 'ament_cmake_args' from command line to 'None'
[0.155s] Level 5:colcon.colcon_core.verb:set package 'display_pkg' build argument 'catkin_cmake_args' from command line to 'None'
[0.155s] Level 5:colcon.colcon_core.verb:set package 'display_pkg' build argument 'catkin_skip_building_tests' from command line to 'False'
[0.155s] DEBUG:colcon.colcon_core.verb:Building package 'display_pkg' with the following arguments: {'ament_cmake_args': None, 'build_base': '/home/weng/wengkunduo_ws/robot_vision_ws/build/display_pkg', 'catkin_cmake_args': None, 'catkin_skip_building_tests': False, 'cmake_args': None, 'cmake_clean_cache': False, 'cmake_clean_first': False, 'cmake_force_configure': False, 'cmake_target': None, 'cmake_target_skip_unavailable': False, 'install_base': '/home/weng/wengkunduo_ws/robot_vision_ws/install/display_pkg', 'merge_install': False, 'path': '/home/weng/wengkunduo_ws/robot_vision_ws/src/display_pkg', 'symlink_install': False, 'test_result_base': None}
[0.156s] Level 5:colcon.colcon_core.verb:set package 'usb_camera_pkg' build argument 'cmake_args' from command line to 'None'
[0.156s] Level 5:colcon.colcon_core.verb:set package 'usb_camera_pkg' build argument 'cmake_target' from command line to 'None'
[0.156s] Level 5:colcon.colcon_core.verb:set package 'usb_camera_pkg' build argument 'cmake_target_skip_unavailable' from command line to 'False'
[0.156s] Level 5:colcon.colcon_core.verb:set package 'usb_camera_pkg' build argument 'cmake_clean_cache' from command line to 'False'
[0.156s] Level 5:colcon.colcon_core.verb:set package 'usb_camera_pkg' build argument 'cmake_clean_first' from command line to 'False'
[0.156s] Level 5:colcon.colcon_core.verb:set package 'usb_camera_pkg' build argument 'cmake_force_configure' from command line to 'False'
[0.156s] Level 5:colcon.colcon_core.verb:set package 'usb_camera_pkg' build argument 'ament_cmake_args' from command line to 'None'
[0.156s] Level 5:colcon.colcon_core.verb:set package 'usb_camera_pkg' build argument 'catkin_cmake_args' from command line to 'None'
[0.156s] Level 5:colcon.colcon_core.verb:set package 'usb_camera_pkg' build argument 'catkin_skip_building_tests' from command line to 'False'
[0.156s] DEBUG:colcon.colcon_core.verb:Building package 'usb_camera_pkg' with the following arguments: {'ament_cmake_args': None, 'build_base': '/home/weng/wengkunduo_ws/robot_vision_ws/build/usb_camera_pkg', 'catkin_cmake_args': None, 'catkin_skip_building_tests': False, 'cmake_args': None, 'cmake_clean_cache': False, 'cmake_clean_first': False, 'cmake_force_configure': False, 'cmake_target': None, 'cmake_target_skip_unavailable': False, 'install_base': '/home/weng/wengkunduo_ws/robot_vision_ws/install/usb_camera_pkg', 'merge_install': False, 'path': '/home/weng/wengkunduo_ws/robot_vision_ws/src/usb_camera_pkg', 'symlink_install': False, 'test_result_base': None}
[0.156s] Level 5:colcon.colcon_core.verb:set package 'yolov8_obg_det_pkg' build argument 'cmake_args' from command line to 'None'
[0.156s] Level 5:colcon.colcon_core.verb:set package 'yolov8_obg_det_pkg' build argument 'cmake_target' from command line to 'None'
[0.156s] Level 5:colcon.colcon_core.verb:set package 'yolov8_obg_det_pkg' build argument 'cmake_target_skip_unavailable' from command line to 'False'
[0.156s] Level 5:colcon.colcon_core.verb:set package 'yolov8_obg_det_pkg' build argument 'cmake_clean_cache' from command line to 'False'
[0.156s] Level 5:colcon.colcon_core.verb:set package 'yolov8_obg_det_pkg' build argument 'cmake_clean_first' from command line to 'False'
[0.156s] Level 5:colcon.colcon_core.verb:set package 'yolov8_obg_det_pkg' build argument 'cmake_force_configure' from command line to 'False'
[0.156s] Level 5:colcon.colcon_core.verb:set package 'yolov8_obg_det_pkg' build argument 'ament_cmake_args' from command line to 'None'
[0.156s] Level 5:colcon.colcon_core.verb:set package 'yolov8_obg_det_pkg' build argument 'catkin_cmake_args' from command line to 'None'
[0.156s] Level 5:colcon.colcon_core.verb:set package 'yolov8_obg_det_pkg' build argument 'catkin_skip_building_tests' from command line to 'False'
[0.156s] DEBUG:colcon.colcon_core.verb:Building package 'yolov8_obg_det_pkg' with the following arguments: {'ament_cmake_args': None, 'build_base': '/home/weng/wengkunduo_ws/robot_vision_ws/build/yolov8_obg_det_pkg', 'catkin_cmake_args': None, 'catkin_skip_building_tests': False, 'cmake_args': None, 'cmake_clean_cache': False, 'cmake_clean_first': False, 'cmake_force_configure': False, 'cmake_target': None, 'cmake_target_skip_unavailable': False, 'install_base': '/home/weng/wengkunduo_ws/robot_vision_ws/install/yolov8_obg_det_pkg', 'merge_install': False, 'path': '/home/weng/wengkunduo_ws/robot_vision_ws/src/yolov8_obg_det_pkg', 'symlink_install': False, 'test_result_base': None}
[0.156s] INFO:colcon.colcon_core.executor:Executing jobs using 'parallel' executor
[0.156s] DEBUG:colcon.colcon_parallel_executor.executor.parallel:run_until_complete
[0.156s] INFO:colcon.colcon_ros.task.ament_python.build:Building ROS package in '/home/weng/wengkunduo_ws/robot_vision_ws/src/display_pkg' with build type 'ament_python'
[0.156s] Level 1:colcon.colcon_core.shell:create_environment_hook('display_pkg', 'ament_prefix_path')
[0.157s] INFO:colcon.colcon_core.plugin_system:Skipping extension 'colcon_core.shell.bat': Not used on non-Windows systems
[0.157s] INFO:colcon.colcon_core.shell:Creating environment hook '/home/weng/wengkunduo_ws/robot_vision_ws/install/display_pkg/share/display_pkg/hook/ament_prefix_path.ps1'
[0.158s] INFO:colcon.colcon_core.shell:Creating environment descriptor '/home/weng/wengkunduo_ws/robot_vision_ws/install/display_pkg/share/display_pkg/hook/ament_prefix_path.dsv'
[0.158s] INFO:colcon.colcon_core.shell:Creating environment hook '/home/weng/wengkunduo_ws/robot_vision_ws/install/display_pkg/share/display_pkg/hook/ament_prefix_path.sh'
[0.158s] INFO:colcon.colcon_core.shell:Skip shell extension 'powershell' for command environment: Not usable outside of PowerShell
[0.158s] DEBUG:colcon.colcon_core.shell:Skip shell extension 'dsv' for command environment
[0.160s] INFO:colcon.colcon_ros.task.ament_python.build:Building ROS package in '/home/weng/wengkunduo_ws/robot_vision_ws/src/usb_camera_pkg' with build type 'ament_python'
[0.160s] Level 1:colcon.colcon_core.shell:create_environment_hook('usb_camera_pkg', 'ament_prefix_path')
[0.160s] INFO:colcon.colcon_core.shell:Creating environment hook '/home/weng/wengkunduo_ws/robot_vision_ws/install/usb_camera_pkg/share/usb_camera_pkg/hook/ament_prefix_path.ps1'
[0.160s] INFO:colcon.colcon_core.shell:Creating environment descriptor '/home/weng/wengkunduo_ws/robot_vision_ws/install/usb_camera_pkg/share/usb_camera_pkg/hook/ament_prefix_path.dsv'
[0.160s] INFO:colcon.colcon_core.shell:Creating environment hook '/home/weng/wengkunduo_ws/robot_vision_ws/install/usb_camera_pkg/share/usb_camera_pkg/hook/ament_prefix_path.sh'
[0.160s] INFO:colcon.colcon_core.shell:Skip shell extension 'powershell' for command environment: Not usable outside of PowerShell
[0.160s] DEBUG:colcon.colcon_core.shell:Skip shell extension 'dsv' for command environment
[0.161s] INFO:colcon.colcon_ros.task.ament_python.build:Building ROS package in '/home/weng/wengkunduo_ws/robot_vision_ws/src/yolov8_obg_det_pkg' with build type 'ament_python'
[0.161s] Level 1:colcon.colcon_core.shell:create_environment_hook('yolov8_obg_det_pkg', 'ament_prefix_path')
[0.162s] INFO:colcon.colcon_core.shell:Creating environment hook '/home/weng/wengkunduo_ws/robot_vision_ws/install/yolov8_obg_det_pkg/share/yolov8_obg_det_pkg/hook/ament_prefix_path.ps1'
[0.162s] INFO:colcon.colcon_core.shell:Creating environment descriptor '/home/weng/wengkunduo_ws/robot_vision_ws/install/yolov8_obg_det_pkg/share/yolov8_obg_det_pkg/hook/ament_prefix_path.dsv'
[0.162s] INFO:colcon.colcon_core.shell:Creating environment hook '/home/weng/wengkunduo_ws/robot_vision_ws/install/yolov8_obg_det_pkg/share/yolov8_obg_det_pkg/hook/ament_prefix_path.sh'
[0.162s] INFO:colcon.colcon_core.shell:Skip shell extension 'powershell' for command environment: Not usable outside of PowerShell
[0.162s] DEBUG:colcon.colcon_core.shell:Skip shell extension 'dsv' for command environment
[0.269s] INFO:colcon.colcon_core.task.python.build:Building Python package in '/home/weng/wengkunduo_ws/robot_vision_ws/src/display_pkg'
[0.270s] INFO:colcon.colcon_core.shell:Skip shell extension 'powershell' for command environment: Not usable outside of PowerShell
[0.270s] DEBUG:colcon.colcon_core.shell:Skip shell extension 'dsv' for command environment
[0.378s] INFO:colcon.colcon_core.task.python.build:Building Python package in '/home/weng/wengkunduo_ws/robot_vision_ws/src/usb_camera_pkg'
[0.378s] INFO:colcon.colcon_core.shell:Skip shell extension 'powershell' for command environment: Not usable outside of PowerShell
[0.378s] DEBUG:colcon.colcon_core.shell:Skip shell extension 'dsv' for command environment
[0.485s] INFO:colcon.colcon_core.task.python.build:Building Python package in '/home/weng/wengkunduo_ws/robot_vision_ws/src/yolov8_obg_det_pkg'
[0.486s] INFO:colcon.colcon_core.shell:Skip shell extension 'powershell' for command environment: Not usable outside of PowerShell
[0.486s] DEBUG:colcon.colcon_core.shell:Skip shell extension 'dsv' for command environment
[0.631s] DEBUG:colcon.colcon_core.event_handler.log_command:Invoking command in '/home/weng/wengkunduo_ws/robot_vision_ws/src/display_pkg': PYTHONPATH=/home/weng/wengkunduo_ws/robot_vision_ws/build/display_pkg/prefix_override:/home/weng/wengkunduo_ws/robot_vision_ws/install/display_pkg/lib/python3.10/site-packages:${PYTHONPATH} /usr/bin/python3 -W ignore:setup.py install is deprecated setup.py egg_info --egg-base ../../build/display_pkg build --build-base /home/weng/wengkunduo_ws/robot_vision_ws/build/display_pkg/build install --record /home/weng/wengkunduo_ws/robot_vision_ws/build/display_pkg/install.log --single-version-externally-managed install_data
[0.633s] DEBUG:colcon.colcon_core.event_handler.log_command:Invoking command in '/home/weng/wengkunduo_ws/robot_vision_ws/src/yolov8_obg_det_pkg': PYTHONPATH=/home/weng/wengkunduo_ws/robot_vision_ws/build/yolov8_obg_det_pkg/prefix_override:/home/weng/wengkunduo_ws/robot_vision_ws/install/yolov8_obg_det_pkg/lib/python3.10/site-packages:${PYTHONPATH} /usr/bin/python3 -W ignore:setup.py install is deprecated setup.py egg_info --egg-base ../../build/yolov8_obg_det_pkg build --build-base /home/weng/wengkunduo_ws/robot_vision_ws/build/yolov8_obg_det_pkg/build install --record /home/weng/wengkunduo_ws/robot_vision_ws/build/yolov8_obg_det_pkg/install.log --single-version-externally-managed install_data
[0.634s] DEBUG:colcon.colcon_core.event_handler.log_command:Invoking command in '/home/weng/wengkunduo_ws/robot_vision_ws/src/usb_camera_pkg': PYTHONPATH=/home/weng/wengkunduo_ws/robot_vision_ws/build/usb_camera_pkg/prefix_override:/home/weng/wengkunduo_ws/robot_vision_ws/install/usb_camera_pkg/lib/python3.10/site-packages:${PYTHONPATH} /usr/bin/python3 -W ignore:setup.py install is deprecated setup.py egg_info --egg-base ../../build/usb_camera_pkg build --build-base /home/weng/wengkunduo_ws/robot_vision_ws/build/usb_camera_pkg/build install --record /home/weng/wengkunduo_ws/robot_vision_ws/build/usb_camera_pkg/install.log --single-version-externally-managed install_data
[0.755s] DEBUG:colcon.colcon_core.event_handler.log_command:Invoked command in '/home/weng/wengkunduo_ws/robot_vision_ws/src/display_pkg' returned '0': PYTHONPATH=/home/weng/wengkunduo_ws/robot_vision_ws/build/display_pkg/prefix_override:/home/weng/wengkunduo_ws/robot_vision_ws/install/display_pkg/lib/python3.10/site-packages:${PYTHONPATH} /usr/bin/python3 -W ignore:setup.py install is deprecated setup.py egg_info --egg-base ../../build/display_pkg build --build-base /home/weng/wengkunduo_ws/robot_vision_ws/build/display_pkg/build install --record /home/weng/wengkunduo_ws/robot_vision_ws/build/display_pkg/install.log --single-version-externally-managed install_data
[0.756s] Level 1:colcon.colcon_core.environment:checking '/home/weng/wengkunduo_ws/robot_vision_ws/install/display_pkg' for CMake module files
[0.757s] Level 1:colcon.colcon_core.environment:checking '/home/weng/wengkunduo_ws/robot_vision_ws/install/display_pkg' for CMake config files
[0.757s] Level 1:colcon.colcon_core.environment:checking '/home/weng/wengkunduo_ws/robot_vision_ws/install/display_pkg/lib'
[0.757s] Level 1:colcon.colcon_core.environment:checking '/home/weng/wengkunduo_ws/robot_vision_ws/install/display_pkg/bin'
[0.757s] Level 1:colcon.colcon_core.environment:checking '/home/weng/wengkunduo_ws/robot_vision_ws/install/display_pkg/lib/pkgconfig/display_pkg.pc'
[0.757s] Level 1:colcon.colcon_core.environment:checking '/home/weng/wengkunduo_ws/robot_vision_ws/install/display_pkg/lib/python3.10/site-packages'
[0.757s] Level 1:colcon.colcon_core.shell:create_environment_hook('display_pkg', 'pythonpath')
[0.757s] INFO:colcon.colcon_core.shell:Creating environment hook '/home/weng/wengkunduo_ws/robot_vision_ws/install/display_pkg/share/display_pkg/hook/pythonpath.ps1'
[0.758s] INFO:colcon.colcon_core.shell:Creating environment descriptor '/home/weng/wengkunduo_ws/robot_vision_ws/install/display_pkg/share/display_pkg/hook/pythonpath.dsv'
[0.758s] INFO:colcon.colcon_core.shell:Creating environment hook '/home/weng/wengkunduo_ws/robot_vision_ws/install/display_pkg/share/display_pkg/hook/pythonpath.sh'
[0.758s] Level 1:colcon.colcon_core.environment:checking '/home/weng/wengkunduo_ws/robot_vision_ws/install/display_pkg/bin'
[0.758s] Level 1:colcon.colcon_core.environment:create_environment_scripts_only(display_pkg)
[0.758s] INFO:colcon.colcon_core.shell:Creating package script '/home/weng/wengkunduo_ws/robot_vision_ws/install/display_pkg/share/display_pkg/package.ps1'
[0.758s] INFO:colcon.colcon_core.shell:Creating package descriptor '/home/weng/wengkunduo_ws/robot_vision_ws/install/display_pkg/share/display_pkg/package.dsv'
[0.759s] INFO:colcon.colcon_core.shell:Creating package script '/home/weng/wengkunduo_ws/robot_vision_ws/install/display_pkg/share/display_pkg/package.sh'
[0.759s] INFO:colcon.colcon_core.shell:Creating package script '/home/weng/wengkunduo_ws/robot_vision_ws/install/display_pkg/share/display_pkg/package.bash'
[0.759s] INFO:colcon.colcon_core.shell:Creating package script '/home/weng/wengkunduo_ws/robot_vision_ws/install/display_pkg/share/display_pkg/package.zsh'
[0.759s] Level 1:colcon.colcon_core.environment:create_file_with_runtime_dependencies(/home/weng/wengkunduo_ws/robot_vision_ws/install/display_pkg/share/colcon-core/packages/display_pkg)
[0.760s] Level 1:colcon.colcon_core.environment:checking '/home/weng/wengkunduo_ws/robot_vision_ws/install/yolov8_obg_det_pkg' for CMake module files
[0.760s] DEBUG:colcon.colcon_core.event_handler.log_command:Invoked command in '/home/weng/wengkunduo_ws/robot_vision_ws/src/yolov8_obg_det_pkg' returned '0': PYTHONPATH=/home/weng/wengkunduo_ws/robot_vision_ws/build/yolov8_obg_det_pkg/prefix_override:/home/weng/wengkunduo_ws/robot_vision_ws/install/yolov8_obg_det_pkg/lib/python3.10/site-packages:${PYTHONPATH} /usr/bin/python3 -W ignore:setup.py install is deprecated setup.py egg_info --egg-base ../../build/yolov8_obg_det_pkg build --build-base /home/weng/wengkunduo_ws/robot_vision_ws/build/yolov8_obg_det_pkg/build install --record /home/weng/wengkunduo_ws/robot_vision_ws/build/yolov8_obg_det_pkg/install.log --single-version-externally-managed install_data
[0.760s] Level 1:colcon.colcon_core.environment:checking '/home/weng/wengkunduo_ws/robot_vision_ws/install/yolov8_obg_det_pkg' for CMake config files
[0.761s] Level 1:colcon.colcon_core.environment:checking '/home/weng/wengkunduo_ws/robot_vision_ws/install/yolov8_obg_det_pkg/lib'
[0.761s] Level 1:colcon.colcon_core.environment:checking '/home/weng/wengkunduo_ws/robot_vision_ws/install/yolov8_obg_det_pkg/bin'
[0.761s] Level 1:colcon.colcon_core.environment:checking '/home/weng/wengkunduo_ws/robot_vision_ws/install/yolov8_obg_det_pkg/lib/pkgconfig/yolov8_obg_det_pkg.pc'
[0.761s] Level 1:colcon.colcon_core.environment:checking '/home/weng/wengkunduo_ws/robot_vision_ws/install/yolov8_obg_det_pkg/lib/python3.10/site-packages'
[0.761s] Level 1:colcon.colcon_core.shell:create_environment_hook('yolov8_obg_det_pkg', 'pythonpath')
[0.761s] INFO:colcon.colcon_core.shell:Creating environment hook '/home/weng/wengkunduo_ws/robot_vision_ws/install/yolov8_obg_det_pkg/share/yolov8_obg_det_pkg/hook/pythonpath.ps1'
[0.761s] INFO:colcon.colcon_core.shell:Creating environment descriptor '/home/weng/wengkunduo_ws/robot_vision_ws/install/yolov8_obg_det_pkg/share/yolov8_obg_det_pkg/hook/pythonpath.dsv'
[0.761s] INFO:colcon.colcon_core.shell:Creating environment hook '/home/weng/wengkunduo_ws/robot_vision_ws/install/yolov8_obg_det_pkg/share/yolov8_obg_det_pkg/hook/pythonpath.sh'
[0.761s] Level 1:colcon.colcon_core.environment:checking '/home/weng/wengkunduo_ws/robot_vision_ws/install/yolov8_obg_det_pkg/bin'
[0.761s] Level 1:colcon.colcon_core.environment:create_environment_scripts_only(yolov8_obg_det_pkg)
[0.761s] INFO:colcon.colcon_core.shell:Creating package script '/home/weng/wengkunduo_ws/robot_vision_ws/install/yolov8_obg_det_pkg/share/yolov8_obg_det_pkg/package.ps1'
[0.762s] INFO:colcon.colcon_core.shell:Creating package descriptor '/home/weng/wengkunduo_ws/robot_vision_ws/install/yolov8_obg_det_pkg/share/yolov8_obg_det_pkg/package.dsv'
[0.762s] INFO:colcon.colcon_core.shell:Creating package script '/home/weng/wengkunduo_ws/robot_vision_ws/install/yolov8_obg_det_pkg/share/yolov8_obg_det_pkg/package.sh'
[0.762s] INFO:colcon.colcon_core.shell:Creating package script '/home/weng/wengkunduo_ws/robot_vision_ws/install/yolov8_obg_det_pkg/share/yolov8_obg_det_pkg/package.bash'
[0.762s] INFO:colcon.colcon_core.shell:Creating package script '/home/weng/wengkunduo_ws/robot_vision_ws/install/yolov8_obg_det_pkg/share/yolov8_obg_det_pkg/package.zsh'
[0.762s] Level 1:colcon.colcon_core.environment:create_file_with_runtime_dependencies(/home/weng/wengkunduo_ws/robot_vision_ws/install/yolov8_obg_det_pkg/share/colcon-core/packages/yolov8_obg_det_pkg)
[0.763s] Level 1:colcon.colcon_core.environment:checking '/home/weng/wengkunduo_ws/robot_vision_ws/install/usb_camera_pkg' for CMake module files
[0.763s] DEBUG:colcon.colcon_core.event_handler.log_command:Invoked command in '/home/weng/wengkunduo_ws/robot_vision_ws/src/usb_camera_pkg' returned '0': PYTHONPATH=/home/weng/wengkunduo_ws/robot_vision_ws/build/usb_camera_pkg/prefix_override:/home/weng/wengkunduo_ws/robot_vision_ws/install/usb_camera_pkg/lib/python3.10/site-packages:${PYTHONPATH} /usr/bin/python3 -W ignore:setup.py install is deprecated setup.py egg_info --egg-base ../../build/usb_camera_pkg build --build-base /home/weng/wengkunduo_ws/robot_vision_ws/build/usb_camera_pkg/build install --record /home/weng/wengkunduo_ws/robot_vision_ws/build/usb_camera_pkg/install.log --single-version-externally-managed install_data
[0.763s] Level 1:colcon.colcon_core.environment:checking '/home/weng/wengkunduo_ws/robot_vision_ws/install/usb_camera_pkg' for CMake config files
[0.763s] Level 1:colcon.colcon_core.environment:checking '/home/weng/wengkunduo_ws/robot_vision_ws/install/usb_camera_pkg/lib'
[0.763s] Level 1:colcon.colcon_core.environment:checking '/home/weng/wengkunduo_ws/robot_vision_ws/install/usb_camera_pkg/bin'
[0.763s] Level 1:colcon.colcon_core.environment:checking '/home/weng/wengkunduo_ws/robot_vision_ws/install/usb_camera_pkg/lib/pkgconfig/usb_camera_pkg.pc'
[0.763s] Level 1:colcon.colcon_core.environment:checking '/home/weng/wengkunduo_ws/robot_vision_ws/install/usb_camera_pkg/lib/python3.10/site-packages'
[0.763s] Level 1:colcon.colcon_core.shell:create_environment_hook('usb_camera_pkg', 'pythonpath')
[0.763s] INFO:colcon.colcon_core.shell:Creating environment hook '/home/weng/wengkunduo_ws/robot_vision_ws/install/usb_camera_pkg/share/usb_camera_pkg/hook/pythonpath.ps1'
[0.764s] INFO:colcon.colcon_core.shell:Creating environment descriptor '/home/weng/wengkunduo_ws/robot_vision_ws/install/usb_camera_pkg/share/usb_camera_pkg/hook/pythonpath.dsv'
[0.764s] INFO:colcon.colcon_core.shell:Creating environment hook '/home/weng/wengkunduo_ws/robot_vision_ws/install/usb_camera_pkg/share/usb_camera_pkg/hook/pythonpath.sh'
[0.764s] Level 1:colcon.colcon_core.environment:checking '/home/weng/wengkunduo_ws/robot_vision_ws/install/usb_camera_pkg/bin'
[0.764s] Level 1:colcon.colcon_core.environment:create_environment_scripts_only(usb_camera_pkg)
[0.764s] INFO:colcon.colcon_core.shell:Creating package script '/home/weng/wengkunduo_ws/robot_vision_ws/install/usb_camera_pkg/share/usb_camera_pkg/package.ps1'
[0.764s] INFO:colcon.colcon_core.shell:Creating package descriptor '/home/weng/wengkunduo_ws/robot_vision_ws/install/usb_camera_pkg/share/usb_camera_pkg/package.dsv'
[0.764s] INFO:colcon.colcon_core.shell:Creating package script '/home/weng/wengkunduo_ws/robot_vision_ws/install/usb_camera_pkg/share/usb_camera_pkg/package.sh'
[0.765s] INFO:colcon.colcon_core.shell:Creating package script '/home/weng/wengkunduo_ws/robot_vision_ws/install/usb_camera_pkg/share/usb_camera_pkg/package.bash'
[0.765s] INFO:colcon.colcon_core.shell:Creating package script '/home/weng/wengkunduo_ws/robot_vision_ws/install/usb_camera_pkg/share/usb_camera_pkg/package.zsh'
[0.765s] Level 1:colcon.colcon_core.environment:create_file_with_runtime_dependencies(/home/weng/wengkunduo_ws/robot_vision_ws/install/usb_camera_pkg/share/colcon-core/packages/usb_camera_pkg)
[0.765s] DEBUG:colcon.colcon_parallel_executor.executor.parallel:closing loop
[0.765s] DEBUG:colcon.colcon_parallel_executor.executor.parallel:loop closed
[0.765s] DEBUG:colcon.colcon_parallel_executor.executor.parallel:run_until_complete finished with '0'
[0.765s] DEBUG:colcon.colcon_core.event_reactor:joining thread
[0.767s] INFO:colcon.colcon_core.plugin_system:Skipping extension 'colcon_notification.desktop_notification.terminal_notifier': Not used on non-Darwin systems
[0.767s] INFO:colcon.colcon_core.plugin_system:Skipping extension 'colcon_notification.desktop_notification.win32': Not used on non-Windows systems
[0.767s] INFO:colcon.colcon_notification.desktop_notification:Sending desktop notification using 'notify2'
[0.775s] DEBUG:colcon.colcon_core.event_reactor:joined thread
[0.775s] INFO:colcon.colcon_core.shell:Creating prefix script '/home/weng/wengkunduo_ws/robot_vision_ws/install/local_setup.ps1'
[0.776s] INFO:colcon.colcon_core.shell:Creating prefix util module '/home/weng/wengkunduo_ws/robot_vision_ws/install/_local_setup_util_ps1.py'
[0.776s] INFO:colcon.colcon_core.shell:Creating prefix chain script '/home/weng/wengkunduo_ws/robot_vision_ws/install/setup.ps1'
[0.776s] INFO:colcon.colcon_core.shell:Creating prefix script '/home/weng/wengkunduo_ws/robot_vision_ws/install/local_setup.sh'
[0.777s] INFO:colcon.colcon_core.shell:Creating prefix util module '/home/weng/wengkunduo_ws/robot_vision_ws/install/_local_setup_util_sh.py'
[0.777s] INFO:colcon.colcon_core.shell:Creating prefix chain script '/home/weng/wengkunduo_ws/robot_vision_ws/install/setup.sh'
[0.777s] INFO:colcon.colcon_core.shell:Creating prefix script '/home/weng/wengkunduo_ws/robot_vision_ws/install/local_setup.bash'
[0.777s] INFO:colcon.colcon_core.shell:Creating prefix chain script '/home/weng/wengkunduo_ws/robot_vision_ws/install/setup.bash'
[0.778s] INFO:colcon.colcon_core.shell:Creating prefix script '/home/weng/wengkunduo_ws/robot_vision_ws/install/local_setup.zsh'
[0.778s] INFO:colcon.colcon_core.shell:Creating prefix chain script '/home/weng/wengkunduo_ws/robot_vision_ws/install/setup.zsh'
