running egg_info
creating ../../build/display_pkg/display_pkg.egg-info
writing ../../build/display_pkg/display_pkg.egg-info/PKG-INFO
writing dependency_links to ../../build/display_pkg/display_pkg.egg-info/dependency_links.txt
writing entry points to ../../build/display_pkg/display_pkg.egg-info/entry_points.txt
writing requirements to ../../build/display_pkg/display_pkg.egg-info/requires.txt
writing top-level names to ../../build/display_pkg/display_pkg.egg-info/top_level.txt
writing manifest file '../../build/display_pkg/display_pkg.egg-info/SOURCES.txt'
reading manifest file '../../build/display_pkg/display_pkg.egg-info/SOURCES.txt'
adding license file 'LICENSE'
writing manifest file '../../build/display_pkg/display_pkg.egg-info/SOURCES.txt'
running build
running build_py
creating /home/weng/wengkunduo_ws/robot_vision_ws/build/display_pkg/build
creating /home/weng/wengkunduo_ws/robot_vision_ws/build/display_pkg/build/lib
creating /home/weng/wengkunduo_ws/robot_vision_ws/build/display_pkg/build/lib/display_pkg
copying display_pkg/display_node.py -> /home/weng/wengkunduo_ws/robot_vision_ws/build/display_pkg/build/lib/display_pkg
copying display_pkg/__init__.py -> /home/weng/wengkunduo_ws/robot_vision_ws/build/display_pkg/build/lib/display_pkg
running install
running install_lib
creating /home/weng/wengkunduo_ws/robot_vision_ws/install/display_pkg/lib/python3.10/site-packages/display_pkg
copying /home/weng/wengkunduo_ws/robot_vision_ws/build/display_pkg/build/lib/display_pkg/display_node.py -> /home/weng/wengkunduo_ws/robot_vision_ws/install/display_pkg/lib/python3.10/site-packages/display_pkg
copying /home/weng/wengkunduo_ws/robot_vision_ws/build/display_pkg/build/lib/display_pkg/__init__.py -> /home/weng/wengkunduo_ws/robot_vision_ws/install/display_pkg/lib/python3.10/site-packages/display_pkg
byte-compiling /home/weng/wengkunduo_ws/robot_vision_ws/install/display_pkg/lib/python3.10/site-packages/display_pkg/display_node.py to display_node.cpython-310.pyc
byte-compiling /home/weng/wengkunduo_ws/robot_vision_ws/install/display_pkg/lib/python3.10/site-packages/display_pkg/__init__.py to __init__.cpython-310.pyc
running install_data
creating /home/weng/wengkunduo_ws/robot_vision_ws/install/display_pkg/share/ament_index
creating /home/weng/wengkunduo_ws/robot_vision_ws/install/display_pkg/share/ament_index/resource_index
creating /home/weng/wengkunduo_ws/robot_vision_ws/install/display_pkg/share/ament_index/resource_index/packages
copying resource/display_pkg -> /home/weng/wengkunduo_ws/robot_vision_ws/install/display_pkg/share/ament_index/resource_index/packages
copying package.xml -> /home/weng/wengkunduo_ws/robot_vision_ws/install/display_pkg/share/display_pkg
running install_egg_info
Copying ../../build/display_pkg/display_pkg.egg-info to /home/weng/wengkunduo_ws/robot_vision_ws/install/display_pkg/lib/python3.10/site-packages/display_pkg-0.0.0-py3.10.egg-info
running install_scripts
Installing display_node script to /home/weng/wengkunduo_ws/robot_vision_ws/install/display_pkg/lib/display_pkg
writing list of installed files to '/home/weng/wengkunduo_ws/robot_vision_ws/build/display_pkg/install.log'
