[0.360s] Invoking command in '/home/weng/wengkunduo_ws/robot_vision_ws/src/display_pkg': PYTHONPATH=/home/weng/wengkunduo_ws/robot_vision_ws/build/display_pkg/prefix_override:/home/weng/wengkunduo_ws/robot_vision_ws/install/display_pkg/lib/python3.10/site-packages:${PYTHONPATH} /usr/bin/python3 -W ignore:setup.py install is deprecated setup.py egg_info --egg-base ../../build/display_pkg build --build-base /home/weng/wengkunduo_ws/robot_vision_ws/build/display_pkg/build install --record /home/weng/wengkunduo_ws/robot_vision_ws/build/display_pkg/install.log --single-version-externally-managed install_data
[0.459s] running egg_info
[0.460s] creating ../../build/display_pkg/display_pkg.egg-info
[0.460s] writing ../../build/display_pkg/display_pkg.egg-info/PKG-INFO
[0.460s] writing dependency_links to ../../build/display_pkg/display_pkg.egg-info/dependency_links.txt
[0.460s] writing entry points to ../../build/display_pkg/display_pkg.egg-info/entry_points.txt
[0.460s] writing requirements to ../../build/display_pkg/display_pkg.egg-info/requires.txt
[0.460s] writing top-level names to ../../build/display_pkg/display_pkg.egg-info/top_level.txt
[0.460s] writing manifest file '../../build/display_pkg/display_pkg.egg-info/SOURCES.txt'
[0.460s] reading manifest file '../../build/display_pkg/display_pkg.egg-info/SOURCES.txt'
[0.460s] adding license file 'LICENSE'
[0.460s] writing manifest file '../../build/display_pkg/display_pkg.egg-info/SOURCES.txt'
[0.460s] running build
[0.461s] running build_py
[0.461s] creating /home/weng/wengkunduo_ws/robot_vision_ws/build/display_pkg/build
[0.461s] creating /home/weng/wengkunduo_ws/robot_vision_ws/build/display_pkg/build/lib
[0.461s] creating /home/weng/wengkunduo_ws/robot_vision_ws/build/display_pkg/build/lib/display_pkg
[0.461s] copying display_pkg/display_node.py -> /home/weng/wengkunduo_ws/robot_vision_ws/build/display_pkg/build/lib/display_pkg
[0.461s] copying display_pkg/__init__.py -> /home/weng/wengkunduo_ws/robot_vision_ws/build/display_pkg/build/lib/display_pkg
[0.461s] running install
[0.461s] running install_lib
[0.461s] creating /home/weng/wengkunduo_ws/robot_vision_ws/install/display_pkg/lib/python3.10/site-packages/display_pkg
[0.461s] copying /home/weng/wengkunduo_ws/robot_vision_ws/build/display_pkg/build/lib/display_pkg/display_node.py -> /home/weng/wengkunduo_ws/robot_vision_ws/install/display_pkg/lib/python3.10/site-packages/display_pkg
[0.461s] copying /home/weng/wengkunduo_ws/robot_vision_ws/build/display_pkg/build/lib/display_pkg/__init__.py -> /home/weng/wengkunduo_ws/robot_vision_ws/install/display_pkg/lib/python3.10/site-packages/display_pkg
[0.461s] byte-compiling /home/weng/wengkunduo_ws/robot_vision_ws/install/display_pkg/lib/python3.10/site-packages/display_pkg/display_node.py to display_node.cpython-310.pyc
[0.462s] byte-compiling /home/weng/wengkunduo_ws/robot_vision_ws/install/display_pkg/lib/python3.10/site-packages/display_pkg/__init__.py to __init__.cpython-310.pyc
[0.462s] running install_data
[0.462s] creating /home/weng/wengkunduo_ws/robot_vision_ws/install/display_pkg/share/ament_index
[0.462s] creating /home/weng/wengkunduo_ws/robot_vision_ws/install/display_pkg/share/ament_index/resource_index
[0.462s] creating /home/weng/wengkunduo_ws/robot_vision_ws/install/display_pkg/share/ament_index/resource_index/packages
[0.462s] copying resource/display_pkg -> /home/weng/wengkunduo_ws/robot_vision_ws/install/display_pkg/share/ament_index/resource_index/packages
[0.462s] copying package.xml -> /home/weng/wengkunduo_ws/robot_vision_ws/install/display_pkg/share/display_pkg
[0.462s] running install_egg_info
[0.463s] Copying ../../build/display_pkg/display_pkg.egg-info to /home/weng/wengkunduo_ws/robot_vision_ws/install/display_pkg/lib/python3.10/site-packages/display_pkg-0.0.0-py3.10.egg-info
[0.463s] running install_scripts
[0.472s] Installing display_node script to /home/weng/wengkunduo_ws/robot_vision_ws/install/display_pkg/lib/display_pkg
[0.473s] writing list of installed files to '/home/weng/wengkunduo_ws/robot_vision_ws/build/display_pkg/install.log'
[0.483s] Invoked command in '/home/weng/wengkunduo_ws/robot_vision_ws/src/display_pkg' returned '0': PYTHONPATH=/home/weng/wengkunduo_ws/robot_vision_ws/build/display_pkg/prefix_override:/home/weng/wengkunduo_ws/robot_vision_ws/install/display_pkg/lib/python3.10/site-packages:${PYTHONPATH} /usr/bin/python3 -W ignore:setup.py install is deprecated setup.py egg_info --egg-base ../../build/display_pkg build --build-base /home/weng/wengkunduo_ws/robot_vision_ws/build/display_pkg/build install --record /home/weng/wengkunduo_ws/robot_vision_ws/build/display_pkg/install.log --single-version-externally-managed install_data
