running egg_info
writing ../../build/usb_camera_pkg/usb_camera_pkg.egg-info/PKG-INFO
writing dependency_links to ../../build/usb_camera_pkg/usb_camera_pkg.egg-info/dependency_links.txt
writing entry points to ../../build/usb_camera_pkg/usb_camera_pkg.egg-info/entry_points.txt
writing requirements to ../../build/usb_camera_pkg/usb_camera_pkg.egg-info/requires.txt
writing top-level names to ../../build/usb_camera_pkg/usb_camera_pkg.egg-info/top_level.txt
reading manifest file '../../build/usb_camera_pkg/usb_camera_pkg.egg-info/SOURCES.txt'
adding license file 'LICENSE'
writing manifest file '../../build/usb_camera_pkg/usb_camera_pkg.egg-info/SOURCES.txt'
running build
running build_py
running install
running install_lib
running install_data
running install_egg_info
removing '/home/weng/wengkunduo_ws/robot_vision_ws/install/usb_camera_pkg/lib/python3.10/site-packages/usb_camera_pkg-0.0.0-py3.10.egg-info' (and everything under it)
Copying ../../build/usb_camera_pkg/usb_camera_pkg.egg-info to /home/weng/wengkunduo_ws/robot_vision_ws/install/usb_camera_pkg/lib/python3.10/site-packages/usb_camera_pkg-0.0.0-py3.10.egg-info
running install_scripts
Installing usb_cam_rgb_node script to /home/weng/wengkunduo_ws/robot_vision_ws/install/usb_camera_pkg/lib/usb_camera_pkg
writing list of installed files to '/home/weng/wengkunduo_ws/robot_vision_ws/build/usb_camera_pkg/install.log'
