running egg_info
creating ../../build/yolov8_obg_det_pkg/yolov8_obg_det_pkg.egg-info
writing ../../build/yolov8_obg_det_pkg/yolov8_obg_det_pkg.egg-info/PKG-INFO
writing dependency_links to ../../build/yolov8_obg_det_pkg/yolov8_obg_det_pkg.egg-info/dependency_links.txt
writing entry points to ../../build/yolov8_obg_det_pkg/yolov8_obg_det_pkg.egg-info/entry_points.txt
writing requirements to ../../build/yolov8_obg_det_pkg/yolov8_obg_det_pkg.egg-info/requires.txt
writing top-level names to ../../build/yolov8_obg_det_pkg/yolov8_obg_det_pkg.egg-info/top_level.txt
writing manifest file '../../build/yolov8_obg_det_pkg/yolov8_obg_det_pkg.egg-info/SOURCES.txt'
reading manifest file '../../build/yolov8_obg_det_pkg/yolov8_obg_det_pkg.egg-info/SOURCES.txt'
adding license file 'LICENSE'
writing manifest file '../../build/yolov8_obg_det_pkg/yolov8_obg_det_pkg.egg-info/SOURCES.txt'
running build
running build_py
creating /home/weng/wengkunduo_ws/robot_vision_ws/build/yolov8_obg_det_pkg/build
creating /home/weng/wengkunduo_ws/robot_vision_ws/build/yolov8_obg_det_pkg/build/lib
creating /home/weng/wengkunduo_ws/robot_vision_ws/build/yolov8_obg_det_pkg/build/lib/yolov8_obg_det_pkg
copying yolov8_obg_det_pkg/__init__.py -> /home/weng/wengkunduo_ws/robot_vision_ws/build/yolov8_obg_det_pkg/build/lib/yolov8_obg_det_pkg
copying yolov8_obg_det_pkg/yolov8_obg_det.py -> /home/weng/wengkunduo_ws/robot_vision_ws/build/yolov8_obg_det_pkg/build/lib/yolov8_obg_det_pkg
running install
running install_lib
creating /home/weng/wengkunduo_ws/robot_vision_ws/install/yolov8_obg_det_pkg/lib/python3.10/site-packages/yolov8_obg_det_pkg
copying /home/weng/wengkunduo_ws/robot_vision_ws/build/yolov8_obg_det_pkg/build/lib/yolov8_obg_det_pkg/__init__.py -> /home/weng/wengkunduo_ws/robot_vision_ws/install/yolov8_obg_det_pkg/lib/python3.10/site-packages/yolov8_obg_det_pkg
copying /home/weng/wengkunduo_ws/robot_vision_ws/build/yolov8_obg_det_pkg/build/lib/yolov8_obg_det_pkg/yolov8_obg_det.py -> /home/weng/wengkunduo_ws/robot_vision_ws/install/yolov8_obg_det_pkg/lib/python3.10/site-packages/yolov8_obg_det_pkg
byte-compiling /home/weng/wengkunduo_ws/robot_vision_ws/install/yolov8_obg_det_pkg/lib/python3.10/site-packages/yolov8_obg_det_pkg/__init__.py to __init__.cpython-310.pyc
byte-compiling /home/weng/wengkunduo_ws/robot_vision_ws/install/yolov8_obg_det_pkg/lib/python3.10/site-packages/yolov8_obg_det_pkg/yolov8_obg_det.py to yolov8_obg_det.cpython-310.pyc
running install_data
creating /home/weng/wengkunduo_ws/robot_vision_ws/install/yolov8_obg_det_pkg/share/ament_index
creating /home/weng/wengkunduo_ws/robot_vision_ws/install/yolov8_obg_det_pkg/share/ament_index/resource_index
creating /home/weng/wengkunduo_ws/robot_vision_ws/install/yolov8_obg_det_pkg/share/ament_index/resource_index/packages
copying resource/yolov8_obg_det_pkg -> /home/weng/wengkunduo_ws/robot_vision_ws/install/yolov8_obg_det_pkg/share/ament_index/resource_index/packages
copying package.xml -> /home/weng/wengkunduo_ws/robot_vision_ws/install/yolov8_obg_det_pkg/share/yolov8_obg_det_pkg
creating /home/weng/wengkunduo_ws/robot_vision_ws/install/yolov8_obg_det_pkg/share/yolov8_obg_det_pkg/model
copying model/yolov8n.pt -> /home/weng/wengkunduo_ws/robot_vision_ws/install/yolov8_obg_det_pkg/share/yolov8_obg_det_pkg/model
running install_egg_info
Copying ../../build/yolov8_obg_det_pkg/yolov8_obg_det_pkg.egg-info to /home/weng/wengkunduo_ws/robot_vision_ws/install/yolov8_obg_det_pkg/lib/python3.10/site-packages/yolov8_obg_det_pkg-0.0.0-py3.10.egg-info
running install_scripts
Installing yolov8_obg_det script to /home/weng/wengkunduo_ws/robot_vision_ws/install/yolov8_obg_det_pkg/lib/yolov8_obg_det_pkg
writing list of installed files to '/home/weng/wengkunduo_ws/robot_vision_ws/build/yolov8_obg_det_pkg/install.log'
