[0.473s] Invoking command in '/home/weng/wengkunduo_ws/robot_vision_ws/src/yolov8_obg_det_pkg': PYTHONPATH=/home/weng/wengkunduo_ws/robot_vision_ws/build/yolov8_obg_det_pkg/prefix_override:/home/weng/wengkunduo_ws/robot_vision_ws/install/yolov8_obg_det_pkg/lib/python3.10/site-packages:${PYTHONPATH} /usr/bin/python3 -W ignore:setup.py install is deprecated setup.py egg_info --egg-base ../../build/yolov8_obg_det_pkg build --build-base /home/weng/wengkunduo_ws/robot_vision_ws/build/yolov8_obg_det_pkg/build install --record /home/weng/wengkunduo_ws/robot_vision_ws/build/yolov8_obg_det_pkg/install.log --single-version-externally-managed install_data
[0.572s] running egg_info
[0.572s] creating ../../build/yolov8_obg_det_pkg/yolov8_obg_det_pkg.egg-info
[0.573s] writing ../../build/yolov8_obg_det_pkg/yolov8_obg_det_pkg.egg-info/PKG-INFO
[0.573s] writing dependency_links to ../../build/yolov8_obg_det_pkg/yolov8_obg_det_pkg.egg-info/dependency_links.txt
[0.573s] writing entry points to ../../build/yolov8_obg_det_pkg/yolov8_obg_det_pkg.egg-info/entry_points.txt
[0.573s] writing requirements to ../../build/yolov8_obg_det_pkg/yolov8_obg_det_pkg.egg-info/requires.txt
[0.573s] writing top-level names to ../../build/yolov8_obg_det_pkg/yolov8_obg_det_pkg.egg-info/top_level.txt
[0.573s] writing manifest file '../../build/yolov8_obg_det_pkg/yolov8_obg_det_pkg.egg-info/SOURCES.txt'
[0.573s] reading manifest file '../../build/yolov8_obg_det_pkg/yolov8_obg_det_pkg.egg-info/SOURCES.txt'
[0.573s] adding license file 'LICENSE'
[0.574s] writing manifest file '../../build/yolov8_obg_det_pkg/yolov8_obg_det_pkg.egg-info/SOURCES.txt'
[0.574s] running build
[0.574s] running build_py
[0.574s] creating /home/weng/wengkunduo_ws/robot_vision_ws/build/yolov8_obg_det_pkg/build
[0.574s] creating /home/weng/wengkunduo_ws/robot_vision_ws/build/yolov8_obg_det_pkg/build/lib
[0.574s] creating /home/weng/wengkunduo_ws/robot_vision_ws/build/yolov8_obg_det_pkg/build/lib/yolov8_obg_det_pkg
[0.574s] copying yolov8_obg_det_pkg/__init__.py -> /home/weng/wengkunduo_ws/robot_vision_ws/build/yolov8_obg_det_pkg/build/lib/yolov8_obg_det_pkg
[0.574s] copying yolov8_obg_det_pkg/yolov8_obg_det.py -> /home/weng/wengkunduo_ws/robot_vision_ws/build/yolov8_obg_det_pkg/build/lib/yolov8_obg_det_pkg
[0.574s] running install
[0.574s] running install_lib
[0.574s] creating /home/weng/wengkunduo_ws/robot_vision_ws/install/yolov8_obg_det_pkg/lib/python3.10/site-packages/yolov8_obg_det_pkg
[0.575s] copying /home/weng/wengkunduo_ws/robot_vision_ws/build/yolov8_obg_det_pkg/build/lib/yolov8_obg_det_pkg/__init__.py -> /home/weng/wengkunduo_ws/robot_vision_ws/install/yolov8_obg_det_pkg/lib/python3.10/site-packages/yolov8_obg_det_pkg
[0.575s] copying /home/weng/wengkunduo_ws/robot_vision_ws/build/yolov8_obg_det_pkg/build/lib/yolov8_obg_det_pkg/yolov8_obg_det.py -> /home/weng/wengkunduo_ws/robot_vision_ws/install/yolov8_obg_det_pkg/lib/python3.10/site-packages/yolov8_obg_det_pkg
[0.575s] byte-compiling /home/weng/wengkunduo_ws/robot_vision_ws/install/yolov8_obg_det_pkg/lib/python3.10/site-packages/yolov8_obg_det_pkg/__init__.py to __init__.cpython-310.pyc
[0.575s] byte-compiling /home/weng/wengkunduo_ws/robot_vision_ws/install/yolov8_obg_det_pkg/lib/python3.10/site-packages/yolov8_obg_det_pkg/yolov8_obg_det.py to yolov8_obg_det.cpython-310.pyc
[0.575s] running install_data
[0.575s] creating /home/weng/wengkunduo_ws/robot_vision_ws/install/yolov8_obg_det_pkg/share/ament_index
[0.575s] creating /home/weng/wengkunduo_ws/robot_vision_ws/install/yolov8_obg_det_pkg/share/ament_index/resource_index
[0.575s] creating /home/weng/wengkunduo_ws/robot_vision_ws/install/yolov8_obg_det_pkg/share/ament_index/resource_index/packages
[0.575s] copying resource/yolov8_obg_det_pkg -> /home/weng/wengkunduo_ws/robot_vision_ws/install/yolov8_obg_det_pkg/share/ament_index/resource_index/packages
[0.575s] copying package.xml -> /home/weng/wengkunduo_ws/robot_vision_ws/install/yolov8_obg_det_pkg/share/yolov8_obg_det_pkg
[0.575s] creating /home/weng/wengkunduo_ws/robot_vision_ws/install/yolov8_obg_det_pkg/share/yolov8_obg_det_pkg/model
[0.575s] copying model/yolov8n.pt -> /home/weng/wengkunduo_ws/robot_vision_ws/install/yolov8_obg_det_pkg/share/yolov8_obg_det_pkg/model
[0.578s] running install_egg_info
[0.579s] Copying ../../build/yolov8_obg_det_pkg/yolov8_obg_det_pkg.egg-info to /home/weng/wengkunduo_ws/robot_vision_ws/install/yolov8_obg_det_pkg/lib/python3.10/site-packages/yolov8_obg_det_pkg-0.0.0-py3.10.egg-info
[0.579s] running install_scripts
[0.589s] Installing yolov8_obg_det script to /home/weng/wengkunduo_ws/robot_vision_ws/install/yolov8_obg_det_pkg/lib/yolov8_obg_det_pkg
[0.589s] writing list of installed files to '/home/weng/wengkunduo_ws/robot_vision_ws/build/yolov8_obg_det_pkg/install.log'
[0.604s] Invoked command in '/home/weng/wengkunduo_ws/robot_vision_ws/src/yolov8_obg_det_pkg' returned '0': PYTHONPATH=/home/weng/wengkunduo_ws/robot_vision_ws/build/yolov8_obg_det_pkg/prefix_override:/home/weng/wengkunduo_ws/robot_vision_ws/install/yolov8_obg_det_pkg/lib/python3.10/site-packages:${PYTHONPATH} /usr/bin/python3 -W ignore:setup.py install is deprecated setup.py egg_info --egg-base ../../build/yolov8_obg_det_pkg build --build-base /home/weng/wengkunduo_ws/robot_vision_ws/build/yolov8_obg_det_pkg/build install --record /home/weng/wengkunduo_ws/robot_vision_ws/build/yolov8_obg_det_pkg/install.log --single-version-externally-managed install_data
