running egg_info
writing ../../build/yolov8_obg_det_pkg/yolov8_obg_det_pkg.egg-info/PKG-INFO
writing dependency_links to ../../build/yolov8_obg_det_pkg/yolov8_obg_det_pkg.egg-info/dependency_links.txt
writing entry points to ../../build/yolov8_obg_det_pkg/yolov8_obg_det_pkg.egg-info/entry_points.txt
writing requirements to ../../build/yolov8_obg_det_pkg/yolov8_obg_det_pkg.egg-info/requires.txt
writing top-level names to ../../build/yolov8_obg_det_pkg/yolov8_obg_det_pkg.egg-info/top_level.txt
reading manifest file '../../build/yolov8_obg_det_pkg/yolov8_obg_det_pkg.egg-info/SOURCES.txt'
adding license file 'LICENSE'
writing manifest file '../../build/yolov8_obg_det_pkg/yolov8_obg_det_pkg.egg-info/SOURCES.txt'
running build
running build_py
copying yolov8_obg_det_pkg/yolov8_obg_det.py -> /home/weng/wengkunduo_ws/robot_vision_ws/build/yolov8_obg_det_pkg/build/lib/yolov8_obg_det_pkg
running install
running install_lib
copying /home/weng/wengkunduo_ws/robot_vision_ws/build/yolov8_obg_det_pkg/build/lib/yolov8_obg_det_pkg/yolov8_obg_det.py -> /home/weng/wengkunduo_ws/robot_vision_ws/install/yolov8_obg_det_pkg/lib/python3.10/site-packages/yolov8_obg_det_pkg
byte-compiling /home/weng/wengkunduo_ws/robot_vision_ws/install/yolov8_obg_det_pkg/lib/python3.10/site-packages/yolov8_obg_det_pkg/yolov8_obg_det.py to yolov8_obg_det.cpython-310.pyc
running install_data
running install_egg_info
removing '/home/weng/wengkunduo_ws/robot_vision_ws/install/yolov8_obg_det_pkg/lib/python3.10/site-packages/yolov8_obg_det_pkg-0.0.0-py3.10.egg-info' (and everything under it)
Copying ../../build/yolov8_obg_det_pkg/yolov8_obg_det_pkg.egg-info to /home/weng/wengkunduo_ws/robot_vision_ws/install/yolov8_obg_det_pkg/lib/python3.10/site-packages/yolov8_obg_det_pkg-0.0.0-py3.10.egg-info
running install_scripts
Installing yolov8_obg_det script to /home/weng/wengkunduo_ws/robot_vision_ws/install/yolov8_obg_det_pkg/lib/yolov8_obg_det_pkg
writing list of installed files to '/home/weng/wengkunduo_ws/robot_vision_ws/build/yolov8_obg_det_pkg/install.log'
