[0.472s] Invoking command in '/home/weng/wengkunduo_ws/robot_vision_ws/src/usb_camera_pkg': PYTHONPATH=/home/weng/wengkunduo_ws/robot_vision_ws/build/usb_camera_pkg/prefix_override:/home/weng/wengkunduo_ws/robot_vision_ws/install/usb_camera_pkg/lib/python3.10/site-packages:${PYTHONPATH} /usr/bin/python3 -W ignore:setup.py install is deprecated setup.py egg_info --egg-base ../../build/usb_camera_pkg build --build-base /home/weng/wengkunduo_ws/robot_vision_ws/build/usb_camera_pkg/build install --record /home/weng/wengkunduo_ws/robot_vision_ws/build/usb_camera_pkg/install.log --single-version-externally-managed install_data
[0.574s] running egg_info
[0.574s] creating ../../build/usb_camera_pkg/usb_camera_pkg.egg-info
[0.574s] writing ../../build/usb_camera_pkg/usb_camera_pkg.egg-info/PKG-INFO
[0.575s] writing dependency_links to ../../build/usb_camera_pkg/usb_camera_pkg.egg-info/dependency_links.txt
[0.575s] writing entry points to ../../build/usb_camera_pkg/usb_camera_pkg.egg-info/entry_points.txt
[0.575s] writing requirements to ../../build/usb_camera_pkg/usb_camera_pkg.egg-info/requires.txt
[0.575s] writing top-level names to ../../build/usb_camera_pkg/usb_camera_pkg.egg-info/top_level.txt
[0.575s] writing manifest file '../../build/usb_camera_pkg/usb_camera_pkg.egg-info/SOURCES.txt'
[0.575s] reading manifest file '../../build/usb_camera_pkg/usb_camera_pkg.egg-info/SOURCES.txt'
[0.575s] adding license file 'LICENSE'
[0.576s] writing manifest file '../../build/usb_camera_pkg/usb_camera_pkg.egg-info/SOURCES.txt'
[0.576s] running build
[0.576s] running build_py
[0.576s] creating /home/weng/wengkunduo_ws/robot_vision_ws/build/usb_camera_pkg/build
[0.576s] creating /home/weng/wengkunduo_ws/robot_vision_ws/build/usb_camera_pkg/build/lib
[0.576s] creating /home/weng/wengkunduo_ws/robot_vision_ws/build/usb_camera_pkg/build/lib/usb_camera_pkg
[0.576s] copying usb_camera_pkg/__init__.py -> /home/weng/wengkunduo_ws/robot_vision_ws/build/usb_camera_pkg/build/lib/usb_camera_pkg
[0.576s] copying usb_camera_pkg/usb_camera_rgb_node.py -> /home/weng/wengkunduo_ws/robot_vision_ws/build/usb_camera_pkg/build/lib/usb_camera_pkg
[0.576s] running install
[0.576s] running install_lib
[0.576s] creating /home/weng/wengkunduo_ws/robot_vision_ws/install/usb_camera_pkg/lib/python3.10/site-packages/usb_camera_pkg
[0.576s] copying /home/weng/wengkunduo_ws/robot_vision_ws/build/usb_camera_pkg/build/lib/usb_camera_pkg/__init__.py -> /home/weng/wengkunduo_ws/robot_vision_ws/install/usb_camera_pkg/lib/python3.10/site-packages/usb_camera_pkg
[0.576s] copying /home/weng/wengkunduo_ws/robot_vision_ws/build/usb_camera_pkg/build/lib/usb_camera_pkg/usb_camera_rgb_node.py -> /home/weng/wengkunduo_ws/robot_vision_ws/install/usb_camera_pkg/lib/python3.10/site-packages/usb_camera_pkg
[0.576s] byte-compiling /home/weng/wengkunduo_ws/robot_vision_ws/install/usb_camera_pkg/lib/python3.10/site-packages/usb_camera_pkg/__init__.py to __init__.cpython-310.pyc
[0.577s] byte-compiling /home/weng/wengkunduo_ws/robot_vision_ws/install/usb_camera_pkg/lib/python3.10/site-packages/usb_camera_pkg/usb_camera_rgb_node.py to usb_camera_rgb_node.cpython-310.pyc
[0.577s] running install_data
[0.577s] creating /home/weng/wengkunduo_ws/robot_vision_ws/install/usb_camera_pkg/share/ament_index
[0.577s] creating /home/weng/wengkunduo_ws/robot_vision_ws/install/usb_camera_pkg/share/ament_index/resource_index
[0.577s] creating /home/weng/wengkunduo_ws/robot_vision_ws/install/usb_camera_pkg/share/ament_index/resource_index/packages
[0.577s] copying resource/usb_camera_pkg -> /home/weng/wengkunduo_ws/robot_vision_ws/install/usb_camera_pkg/share/ament_index/resource_index/packages
[0.577s] copying package.xml -> /home/weng/wengkunduo_ws/robot_vision_ws/install/usb_camera_pkg/share/usb_camera_pkg
[0.577s] running install_egg_info
[0.578s] Copying ../../build/usb_camera_pkg/usb_camera_pkg.egg-info to /home/weng/wengkunduo_ws/robot_vision_ws/install/usb_camera_pkg/lib/python3.10/site-packages/usb_camera_pkg-0.0.0-py3.10.egg-info
[0.578s] running install_scripts
[0.587s] Installing usb_cam_rgb_node script to /home/weng/wengkunduo_ws/robot_vision_ws/install/usb_camera_pkg/lib/usb_camera_pkg
[0.588s] writing list of installed files to '/home/weng/wengkunduo_ws/robot_vision_ws/build/usb_camera_pkg/install.log'
[0.599s] Invoked command in '/home/weng/wengkunduo_ws/robot_vision_ws/src/usb_camera_pkg' returned '0': PYTHONPATH=/home/weng/wengkunduo_ws/robot_vision_ws/build/usb_camera_pkg/prefix_override:/home/weng/wengkunduo_ws/robot_vision_ws/install/usb_camera_pkg/lib/python3.10/site-packages:${PYTHONPATH} /usr/bin/python3 -W ignore:setup.py install is deprecated setup.py egg_info --egg-base ../../build/usb_camera_pkg build --build-base /home/weng/wengkunduo_ws/robot_vision_ws/build/usb_camera_pkg/build install --record /home/weng/wengkunduo_ws/robot_vision_ws/build/usb_camera_pkg/install.log --single-version-externally-managed install_data
