[0.474s] Invoking command in '/home/weng/wengkunduo_ws/robot_vision_ws/src/display_pkg': PYTHONPATH=/home/weng/wengkunduo_ws/robot_vision_ws/build/display_pkg/prefix_override:/home/weng/wengkunduo_ws/robot_vision_ws/install/display_pkg/lib/python3.10/site-packages:${PYTHONPATH} /usr/bin/python3 -W ignore:setup.py install is deprecated setup.py egg_info --egg-base ../../build/display_pkg build --build-base /home/weng/wengkunduo_ws/robot_vision_ws/build/display_pkg/build install --record /home/weng/wengkunduo_ws/robot_vision_ws/build/display_pkg/install.log --single-version-externally-managed install_data
[0.574s] running egg_info
[0.574s] writing ../../build/display_pkg/display_pkg.egg-info/PKG-INFO
[0.574s] writing dependency_links to ../../build/display_pkg/display_pkg.egg-info/dependency_links.txt
[0.574s] writing entry points to ../../build/display_pkg/display_pkg.egg-info/entry_points.txt
[0.575s] writing requirements to ../../build/display_pkg/display_pkg.egg-info/requires.txt
[0.575s] writing top-level names to ../../build/display_pkg/display_pkg.egg-info/top_level.txt
[0.575s] reading manifest file '../../build/display_pkg/display_pkg.egg-info/SOURCES.txt'
[0.575s] adding license file 'LICENSE'
[0.575s] writing manifest file '../../build/display_pkg/display_pkg.egg-info/SOURCES.txt'
[0.575s] running build
[0.575s] running build_py
[0.576s] running install
[0.576s] running install_lib
[0.576s] running install_data
[0.576s] running install_egg_info
[0.578s] removing '/home/weng/wengkunduo_ws/robot_vision_ws/install/display_pkg/lib/python3.10/site-packages/display_pkg-0.0.0-py3.10.egg-info' (and everything under it)
[0.578s] Copying ../../build/display_pkg/display_pkg.egg-info to /home/weng/wengkunduo_ws/robot_vision_ws/install/display_pkg/lib/python3.10/site-packages/display_pkg-0.0.0-py3.10.egg-info
[0.578s] running install_scripts
[0.587s] Installing display_node script to /home/weng/wengkunduo_ws/robot_vision_ws/install/display_pkg/lib/display_pkg
[0.587s] writing list of installed files to '/home/weng/wengkunduo_ws/robot_vision_ws/build/display_pkg/install.log'
[0.599s] Invoked command in '/home/weng/wengkunduo_ws/robot_vision_ws/src/display_pkg' returned '0': PYTHONPATH=/home/weng/wengkunduo_ws/robot_vision_ws/build/display_pkg/prefix_override:/home/weng/wengkunduo_ws/robot_vision_ws/install/display_pkg/lib/python3.10/site-packages:${PYTHONPATH} /usr/bin/python3 -W ignore:setup.py install is deprecated setup.py egg_info --egg-base ../../build/display_pkg build --build-base /home/weng/wengkunduo_ws/robot_vision_ws/build/display_pkg/build install --record /home/weng/wengkunduo_ws/robot_vision_ws/build/display_pkg/install.log --single-version-externally-managed install_data
