[0.471s] Invoking command in '/home/weng/wengkunduo_ws/robot_vision_ws/src/yolov8_obg_det_pkg': PYTHONPATH=/home/weng/wengkunduo_ws/robot_vision_ws/build/yolov8_obg_det_pkg/prefix_override:/home/weng/wengkunduo_ws/robot_vision_ws/install/yolov8_obg_det_pkg/lib/python3.10/site-packages:${PYTHONPATH} /usr/bin/python3 -W ignore:setup.py install is deprecated setup.py egg_info --egg-base ../../build/yolov8_obg_det_pkg build --build-base /home/weng/wengkunduo_ws/robot_vision_ws/build/yolov8_obg_det_pkg/build install --record /home/weng/wengkunduo_ws/robot_vision_ws/build/yolov8_obg_det_pkg/install.log --single-version-externally-managed install_data
[0.580s] running egg_info
[0.580s] writing ../../build/yolov8_obg_det_pkg/yolov8_obg_det_pkg.egg-info/PKG-INFO
[0.580s] writing dependency_links to ../../build/yolov8_obg_det_pkg/yolov8_obg_det_pkg.egg-info/dependency_links.txt
[0.580s] writing entry points to ../../build/yolov8_obg_det_pkg/yolov8_obg_det_pkg.egg-info/entry_points.txt
[0.581s] writing requirements to ../../build/yolov8_obg_det_pkg/yolov8_obg_det_pkg.egg-info/requires.txt
[0.581s] writing top-level names to ../../build/yolov8_obg_det_pkg/yolov8_obg_det_pkg.egg-info/top_level.txt
[0.581s] reading manifest file '../../build/yolov8_obg_det_pkg/yolov8_obg_det_pkg.egg-info/SOURCES.txt'
[0.581s] adding license file 'LICENSE'
[0.582s] writing manifest file '../../build/yolov8_obg_det_pkg/yolov8_obg_det_pkg.egg-info/SOURCES.txt'
[0.582s] running build
[0.582s] running build_py
[0.582s] copying yolov8_obg_det_pkg/yolov8_obg_det.py -> /home/weng/wengkunduo_ws/robot_vision_ws/build/yolov8_obg_det_pkg/build/lib/yolov8_obg_det_pkg
[0.582s] running install
[0.582s] running install_lib
[0.582s] copying /home/weng/wengkunduo_ws/robot_vision_ws/build/yolov8_obg_det_pkg/build/lib/yolov8_obg_det_pkg/yolov8_obg_det.py -> /home/weng/wengkunduo_ws/robot_vision_ws/install/yolov8_obg_det_pkg/lib/python3.10/site-packages/yolov8_obg_det_pkg
[0.582s] byte-compiling /home/weng/wengkunduo_ws/robot_vision_ws/install/yolov8_obg_det_pkg/lib/python3.10/site-packages/yolov8_obg_det_pkg/yolov8_obg_det.py to yolov8_obg_det.cpython-310.pyc
[0.583s] running install_data
[0.583s] running install_egg_info
[0.584s] removing '/home/weng/wengkunduo_ws/robot_vision_ws/install/yolov8_obg_det_pkg/lib/python3.10/site-packages/yolov8_obg_det_pkg-0.0.0-py3.10.egg-info' (and everything under it)
[0.584s] Copying ../../build/yolov8_obg_det_pkg/yolov8_obg_det_pkg.egg-info to /home/weng/wengkunduo_ws/robot_vision_ws/install/yolov8_obg_det_pkg/lib/python3.10/site-packages/yolov8_obg_det_pkg-0.0.0-py3.10.egg-info
[0.585s] running install_scripts
[0.594s] Installing yolov8_obg_det script to /home/weng/wengkunduo_ws/robot_vision_ws/install/yolov8_obg_det_pkg/lib/yolov8_obg_det_pkg
[0.594s] writing list of installed files to '/home/weng/wengkunduo_ws/robot_vision_ws/build/yolov8_obg_det_pkg/install.log'
[0.606s] Invoked command in '/home/weng/wengkunduo_ws/robot_vision_ws/src/yolov8_obg_det_pkg' returned '0': PYTHONPATH=/home/weng/wengkunduo_ws/robot_vision_ws/build/yolov8_obg_det_pkg/prefix_override:/home/weng/wengkunduo_ws/robot_vision_ws/install/yolov8_obg_det_pkg/lib/python3.10/site-packages:${PYTHONPATH} /usr/bin/python3 -W ignore:setup.py install is deprecated setup.py egg_info --egg-base ../../build/yolov8_obg_det_pkg build --build-base /home/weng/wengkunduo_ws/robot_vision_ws/build/yolov8_obg_det_pkg/build install --record /home/weng/wengkunduo_ws/robot_vision_ws/build/yolov8_obg_det_pkg/install.log --single-version-externally-managed install_data
